<?xml version="1.0" encoding="UTF-8"?>
<!-- Generated by org.testng.reporters.JUnitXMLReporter -->
<testsuite ignored="0" hostname="INBANWL005193" failures="0" tests="3" name="Surefire test" time="0.086" errors="0" timestamp="24 Dec 2019 06:21:15 GMT">
  <testcase classname="com.mycompany.app.SeleniumTest" name="seleniumTestCode" time="0.034"/>
  <testcase classname="com.mycompany.app.TestAppium" name="appiumTestCode" time="0.0"/>
  <testcase classname="com.mycompany.app.TestJava" name="javaTestCode" time="0.001"/>
</testsuite> <!-- Surefire test -->
