<?xml version="1.0" encoding="UTF-8"?>
<!-- Generated by org.testng.reporters.JUnitXMLReporter -->
<testsuite ignored="0" hostname="INBANWL005193" failures="0" tests="3" name="Test" time="0.114" errors="0" timestamp="2019-12-24T11:19:56 IST">
  <testcase classname="com.mycompany.app.SeleniumTest" name="seleniumTestCode" time="0.02"/>
  <testcase classname="com.mycompany.app.TestJava" name="javaTestCode" time="0.002"/>
  <testcase classname="com.mycompany.app.TestAppium" name="appiumTestCode" time="0.001"/>
</testsuite> <!-- Test -->
