<?xml version="1.0" encoding="UTF-8"?>
<!-- Generated by org.testng.reporters.JUnitXMLReporter -->
<testsuite ignored="0" hostname="INBANWL005193" failures="0" tests="3" name="Test" time="0.118" errors="0" timestamp="24 Dec 2019 07:30:28 GMT">
  <testcase classname="com.mycompany.app.SeleniumTest" name="seleniumTestCode" time="0.026"/>
  <testcase classname="com.mycompany.app.RESTAPITest" name="restAPITestCode" time="0.001"/>
  <testcase classname="com.mycompany.app.TestJava" name="javaTestCode" time="0.001"/>
</testsuite> <!-- Test -->
