<?xml version="1.0" encoding="UTF-8"?>
<testng-results ignored="0" total="3" passed="3" failed="0" skipped="0">
  <reporter-output>
  </reporter-output>
  <suite started-at="2019-12-24T07:30:28Z" name="Suite" finished-at="2019-12-24T07:30:28Z" duration-ms="118">
    <groups>
    </groups>
    <test started-at="2019-12-24T07:30:28Z" name="Test" finished-at="2019-12-24T07:30:28Z" duration-ms="118">
      <class name="com.mycompany.app.SeleniumTest">
        <test-method signature="seleniumTestCode()[pri:0, instance:com.mycompany.app.SeleniumTest@6f204a1a]" started-at="2019-12-24T07:30:28Z" name="seleniumTestCode" finished-at="2019-12-24T07:30:28Z" duration-ms="26" status="PASS">
          <reporter-output>
          </reporter-output>
        </test-method> <!-- seleniumTestCode -->
      </class> <!-- com.mycompany.app.SeleniumTest -->
      <class name="com.mycompany.app.TestJava">
        <test-method signature="javaTestCode()[pri:0, instance:com.mycompany.app.TestJava@5f8e8a9d]" started-at="2019-12-24T07:30:28Z" name="javaTestCode" finished-at="2019-12-24T07:30:28Z" duration-ms="1" status="PASS">
          <reporter-output>
          </reporter-output>
        </test-method> <!-- javaTestCode -->
      </class> <!-- com.mycompany.app.TestJava -->
      <class name="com.mycompany.app.RESTAPITest">
        <test-method signature="restAPITestCode()[pri:0, instance:com.mycompany.app.RESTAPITest@2de56eb2]" started-at="2019-12-24T07:30:28Z" name="restAPITestCode" finished-at="2019-12-24T07:30:28Z" duration-ms="1" status="PASS">
          <reporter-output>
          </reporter-output>
        </test-method> <!-- restAPITestCode -->
      </class> <!-- com.mycompany.app.RESTAPITest -->
    </test> <!-- Test -->
  </suite> <!-- Suite -->
</testng-results>
