<?xml version="1.0" encoding="UTF-8"?>
<testng-results ignored="0" total="3" passed="3" failed="0" skipped="0">
  <reporter-output>
  </reporter-output>
  <suite started-at="2019-12-24T11:19:56 IST" name="Suite" finished-at="2019-12-24T11:19:56 IST" duration-ms="114">
    <groups>
    </groups>
    <test started-at="2019-12-24T11:19:56 IST" name="Test" finished-at="2019-12-24T11:19:56 IST" duration-ms="114">
      <class name="com.mycompany.app.SeleniumTest">
        <test-method signature="seleniumTestCode()[pri:0, instance:com.mycompany.app.SeleniumTest@3e96bacf]" started-at="2019-12-24T11:19:56 IST" name="seleniumTestCode" finished-at="2019-12-24T11:19:56 IST" duration-ms="20" status="PASS">
          <reporter-output>
          </reporter-output>
        </test-method> <!-- seleniumTestCode -->
      </class> <!-- com.mycompany.app.SeleniumTest -->
      <class name="com.mycompany.app.TestJava">
        <test-method signature="javaTestCode()[pri:0, instance:com.mycompany.app.TestJava@484970b0]" started-at="2019-12-24T11:19:56 IST" name="javaTestCode" finished-at="2019-12-24T11:19:56 IST" duration-ms="2" status="PASS">
          <reporter-output>
          </reporter-output>
        </test-method> <!-- javaTestCode -->
      </class> <!-- com.mycompany.app.TestJava -->
      <class name="com.mycompany.app.TestAppium">
        <test-method signature="appiumTestCode()[pri:0, instance:com.mycompany.app.TestAppium@4470f8a6]" started-at="2019-12-24T11:19:56 IST" name="appiumTestCode" finished-at="2019-12-24T11:19:56 IST" duration-ms="1" status="PASS">
          <reporter-output>
          </reporter-output>
        </test-method> <!-- appiumTestCode -->
      </class> <!-- com.mycompany.app.TestAppium -->
    </test> <!-- Test -->
  </suite> <!-- Suite -->
</testng-results>
